<?xml version="1.0" encoding="UTF-8"?>
<testExecutions version="1">
  <file path="C:\proyectos\web\proyect-imasd\packages\web-imasd\src\app\auth\layouts\auth-layout\auth-layout.component.spec.ts">
    <testCase name="AuthLayoutComponent should create" duration="150">
      <failure message="Error: NG0304: &apos;router-outlet&apos; is not a known element (used in the &apos;AuthLayoutComponent&apos; component template):"><![CDATA[Error: NG0304: 'router-outlet' is not a known element (used in the 'AuthLayoutComponent' component template):
1. If 'router-outlet' is an Angular component, then verify that it is a part of an @NgModule where this component is declared.
2. If 'router-outlet' is a Web Component then add 'CUSTOM_ELEMENTS_SCHEMA' to the '@NgModule.schemas' of this component to suppress this message.
    at validateElementIsKnown (C:\proyectos\web\proyect-imasd\node_modules\@angular\core\fesm2022\core.mjs:5960:23)
    at ɵɵelementStart (C:\proyectos\web\proyect-imasd\node_modules\@angular\core\fesm2022\core.mjs:15186:9)
    at ɵɵelement (C:\proyectos\web\proyect-imasd\node_modules\@angular\core\fesm2022\core.mjs:15261:5)
    at AuthLayoutComponent_Template (ng:///AuthLayoutComponent.js:11:9)
    at executeTemplate (C:\proyectos\web\proyect-imasd\node_modules\@angular\core\fesm2022\core.mjs:10897:17)
    at renderView (C:\proyectos\web\proyect-imasd\node_modules\@angular\core\fesm2022\core.mjs:12085:13)
    at renderComponent (C:\proyectos\web\proyect-imasd\node_modules\@angular\core\fesm2022\core.mjs:12032:5)
    at renderChildComponents (C:\proyectos\web\proyect-imasd\node_modules\@angular\core\fesm2022\core.mjs:12130:9)
    at renderView (C:\proyectos\web\proyect-imasd\node_modules\@angular\core\fesm2022\core.mjs:12110:13)
    at ComponentFactory.create (C:\proyectos\web\proyect-imasd\node_modules\@angular\core\fesm2022\core.mjs:13038:13)
    at initComponent (C:\proyectos\web\proyect-imasd\node_modules\@angular\core\fesm2022\testing.mjs:26271:51)
    at _ZoneDelegate.Object.<anonymous>._ZoneDelegate.invoke (C:\proyectos\web\proyect-imasd\node_modules\zone.js\bundles\zone-testing-bundle.umd.js:416:30)
    at ProxyZoneSpec.Object.<anonymous>.ProxyZoneSpec.onInvoke (C:\proyectos\web\proyect-imasd\node_modules\zone.js\bundles\zone-testing-bundle.umd.js:3728:43)
    at _ZoneDelegate.Object.<anonymous>._ZoneDelegate.invoke (C:\proyectos\web\proyect-imasd\node_modules\zone.js\bundles\zone-testing-bundle.umd.js:415:56)
    at Object.onInvoke (C:\proyectos\web\proyect-imasd\node_modules\@angular\core\fesm2022\core.mjs:26117:33)
    at _ZoneDelegate.Object.<anonymous>._ZoneDelegate.invoke (C:\proyectos\web\proyect-imasd\node_modules\zone.js\bundles\zone-testing-bundle.umd.js:415:56)
    at Zone.Object.<anonymous>.Zone.run (C:\proyectos\web\proyect-imasd\node_modules\zone.js\bundles\zone-testing-bundle.umd.js:173:47)
    at NgZone.run (C:\proyectos\web\proyect-imasd\node_modules\@angular\core\fesm2022\core.mjs:25971:28)
    at _TestBedImpl.createComponent (C:\proyectos\web\proyect-imasd\node_modules\@angular\core\fesm2022\testing.mjs:26274:41)
    at Function.createComponent (C:\proyectos\web\proyect-imasd\node_modules\@angular\core\fesm2022\testing.mjs:26081:37)
    at C:\proyectos\web\proyect-imasd\packages\web-imasd\src\app\auth\layouts\auth-layout\auth-layout.component.spec.ts:13:23
    at _ZoneDelegate.Object.<anonymous>._ZoneDelegate.invoke (C:\proyectos\web\proyect-imasd\node_modules\zone.js\bundles\zone-testing-bundle.umd.js:416:30)
    at ProxyZoneSpec.Object.<anonymous>.ProxyZoneSpec.onInvoke (C:\proyectos\web\proyect-imasd\node_modules\zone.js\bundles\zone-testing-bundle.umd.js:3728:43)
    at _ZoneDelegate.Object.<anonymous>._ZoneDelegate.invoke (C:\proyectos\web\proyect-imasd\node_modules\zone.js\bundles\zone-testing-bundle.umd.js:415:56)
    at Zone.Object.<anonymous>.Zone.run (C:\proyectos\web\proyect-imasd\node_modules\zone.js\bundles\zone-testing-bundle.umd.js:173:47)
    at Object.wrappedFunc (C:\proyectos\web\proyect-imasd\node_modules\zone.js\bundles\zone-testing-bundle.umd.js:4208:34)
    at Promise.then.completed (C:\proyectos\web\proyect-imasd\node_modules\jest-circus\build\utils.js:293:28)
    at new Promise (<anonymous>)
    at callAsyncCircusFn (C:\proyectos\web\proyect-imasd\node_modules\jest-circus\build\utils.js:226:10)
    at _callCircusHook (C:\proyectos\web\proyect-imasd\node_modules\jest-circus\build\run.js:262:40)
    at processTicksAndRejections (node:internal/process/task_queues:95:5)
    at _runTest (C:\proyectos\web\proyect-imasd\node_modules\jest-circus\build\run.js:227:5)
    at _runTestsForDescribeBlock (C:\proyectos\web\proyect-imasd\node_modules\jest-circus\build\run.js:135:9)
    at _runTestsForDescribeBlock (C:\proyectos\web\proyect-imasd\node_modules\jest-circus\build\run.js:130:9)
    at run (C:\proyectos\web\proyect-imasd\node_modules\jest-circus\build\run.js:68:3)
    at runAndTransformResultsToJestFormat (C:\proyectos\web\proyect-imasd\node_modules\jest-circus\build\legacy-code-todo-rewrite\jestAdapterInit.js:122:21)]]></failure>
    </testCase>
  </file>
  <file path="C:\proyectos\web\proyect-imasd\packages\web-imasd\src\app\dashboard\layouts\dashboard-layout\dashboard-layout.component.spec.ts">
  </file>
  <file path="C:\proyectos\web\proyect-imasd\packages\web-imasd\src\app\ventas\clien\client.component.spec.ts">
  </file>
  <file path="C:\proyectos\web\proyect-imasd\packages\web-imasd\src\app\app.component.spec.ts">
  </file>
</testExecutions>